<?xml version="1.0" encoding="UTF-8"?>
<!-- Generated by org.testng.reporters.JUnitXMLReporter -->
<testsuite ignored="0" hostname="ani" failures="2" tests="3" name="Surefire test" time="18.769" errors="0" timestamp="11 jun. 2025 01:53:07 GMT">
  <testcase classname="tests.LogoutTest" name="testLogout" time="1.552"/>
  <testcase classname="tests.PurchaseTest" name="testCompletePurchaseFlow" time="1.094">
    <failure type="java.lang.AssertionError" message="Purchase confirmation failed expected [true] but found [false]">
      <![CDATA[java.lang.AssertionError: Purchase confirmation failed expected [true] but found [false]
at tests.PurchaseTest.testCompletePurchaseFlow(PurchaseTest.java:32)
... Removed 33 stack frames]]>
    </failure>
  </testcase> <!-- testCompletePurchaseFlow -->
  <testcase classname="tests.RemoveItemsTest" name="testRemovingItemsFromCart" time="10.677">
    <failure type="org.openqa.selenium.TimeoutException" message="Expected condition failed: waiting for visibility of element located by By.id: checkout (tried for 10 second(s) with 500 milliseconds interval)">
      <![CDATA[org.openqa.selenium.TimeoutException: Expected condition failed: waiting for visibility of element located by By.id: checkout (tried for 10 second(s) with 500 milliseconds interval)
at org.openqa.selenium.support.ui.WebDriverWait.timeoutException(WebDriverWait.java:113)
at org.openqa.selenium.support.ui.FluentWait.until(FluentWait.java:283)
at pages.HomePage.goToCart(HomePage.java:51)
at tests.RemoveItemsTest.testRemovingItemsFromCart(RemoveItemsTest.java:15)
Caused by: org.openqa.selenium.NoSuchElementException: Cannot locate an element using By.id: checkout
For documentation on this error, please visit: http://seleniumhq.org/exceptions/no_such_element.html
Build info: version: '3.14.0', revision: 'aacccce0', time: '2018-08-02T20:19:58.91Z'
System info: host: 'ANI', ip: '192.168.56.1', os.name: 'Windows 11', os.arch: 'amd64', os.version: '10.0', java.version: '17.0.8'
Driver info: driver.version: unknown
at org.openqa.selenium.support.ui.ExpectedConditions.lambda$findElement$0(ExpectedConditions.java:896)
at java.base/java.util.Optional.orElseThrow(Optional.java:403)
at org.openqa.selenium.support.ui.ExpectedConditions.findElement(ExpectedConditions.java:895)
at org.openqa.selenium.support.ui.ExpectedConditions.access$000(ExpectedConditions.java:44)
at org.openqa.selenium.support.ui.ExpectedConditions$7.apply(ExpectedConditions.java:206)
at org.openqa.selenium.support.ui.ExpectedConditions$7.apply(ExpectedConditions.java:202)
at org.openqa.selenium.support.ui.FluentWait.until(FluentWait.java:260)
... 32 more
... Removed 30 stack frames]]>
    </failure>
  </testcase> <!-- testRemovingItemsFromCart -->
</testsuite> <!-- Surefire test -->
